[0m2021.07.11 22:13:49 INFO  Started: Metals version 0.10.4 in workspace '/Users/edu/dev/scala-specialization/parallel-programming/week1/scripts' for client Visual Studio Code 1.57.1.[0m
[0m2021.07.11 22:13:51 INFO  time: initialize in 2.07s[0m
[0m2021.07.11 22:13:51 WARN  Build server is not auto-connectable.[0m
[0m2021.07.11 22:13:51 WARN  no build tool detected in workspace '/Users/edu/dev/scala-specialization/parallel-programming/week1/scripts'. The most common cause for this problem is that the editor was opened in the wrong working directory, for example if you use sbt then the workspace directory should contain build.sbt. [0m
[0m2021.07.11 22:13:51 WARN  no build target for: /Users/edu/dev/scala-specialization/parallel-programming/week1/scripts/SumOfPowers.scala[0m
[0m2021.07.11 22:13:54 INFO  no build target: using presentation compiler with only scala-library: 2.12.14[0m
[0m2021.07.11 22:13:56 INFO  time: code lens generation in 3.29s[0m
[0m2021.07.11 22:13:56 INFO  time: code lens generation in 3.75s[0m
[0m2021.07.11 22:13:56 INFO  time: code lens generation in 4.3s[0m
[0m2021.07.11 22:13:56 INFO  time: code lens generation in 5.03s[0m
[0m2021.07.11 22:14:04 WARN  no build target for: /Users/edu/dev/scala-specialization/parallel-programming/week1/scripts/SumOfPowers.scala[0m
[0m2021.07.11 22:14:26 WARN  no build target for: /Users/edu/dev/scala-specialization/parallel-programming/week1/scripts/SumOfPowers.scala[0m
Jul 11, 2021 10:15:23 PM scala.meta.internal.pc.CompletionProvider expected$1
WARNING: null
Jul 11, 2021 10:15:24 PM scala.meta.internal.pc.CompletionProvider expected$1
WARNING: null
[0m2021.07.11 22:15:26 WARN  no build target for: /Users/edu/dev/scala-specialization/parallel-programming/week1/scripts/SumOfPowers.scala[0m
[0m2021.07.11 22:16:39 WARN  no build target for: /Users/edu/dev/scala-specialization/parallel-programming/week1/scripts/SumOfPowers.scala[0m
[0m2021.07.11 22:23:21 WARN  no build target for: /Users/edu/dev/scala-specialization/parallel-programming/week1/scripts/SumOfPowers.scala[0m
[0m2021.07.11 22:26:07 WARN  no build target for: /Users/edu/dev/scala-specialization/parallel-programming/week1/scripts/SumOfPowers.scala[0m
something's wrong: no file:///Users/edu/dev/scala-specialization/parallel-programming/week1/scripts/SumOfPowers.scala in Array[Int]RangePosition(file:///Users/edu/dev/scala-specialization/parallel-programming/week1/scripts/SumOfPowers.scala, 96, 96, 106)
[0m2021.07.11 22:28:56 WARN  no build target for: /Users/edu/dev/scala-specialization/parallel-programming/week1/scripts/SumOfPowers.scala[0m
[0m2021.07.11 22:29:27 WARN  no build target for: /Users/edu/dev/scala-specialization/parallel-programming/week1/scripts/SumOfPowers.scala[0m
[0m2021.07.11 22:29:59 WARN  no build target for: /Users/edu/dev/scala-specialization/parallel-programming/week1/scripts/SumOfPowers.scala[0m
[0m2021.07.11 22:29:59 WARN  no build target for: /Users/edu/dev/scala-specialization/parallel-programming/week1/scripts/SumOfPowers.scala[0m
[0m2021.07.11 22:30:13 WARN  no build target for: /Users/edu/dev/scala-specialization/parallel-programming/week1/scripts/SumOfPowers.scala[0m
[0m2021.07.11 22:30:22 WARN  no build target for: /Users/edu/dev/scala-specialization/parallel-programming/week1/scripts/SumOfPowers.scala[0m
[0m2021.07.11 22:30:24 WARN  no build target for: /Users/edu/dev/scala-specialization/parallel-programming/week1/scripts/SumOfPowers.scala[0m
[0m2021.07.11 22:31:05 WARN  no build target for: /Users/edu/dev/scala-specialization/parallel-programming/week1/scripts/SumOfPowers.scala[0m
[0m2021.07.12 08:08:06 INFO  shutting down Metals[0m
